{"level":"info","message":"port up on","port":"5555","serviceName":"auth-service","timestamp":"2026-02-12T12:55:54.325Z"}
{"level":"info","message":"port up on","port":"5555","serviceName":"auth-service","timestamp":"2026-02-12T12:56:28.797Z"}
{"level":"info","message":"port up on","port":"5555","serviceName":"auth-service","timestamp":"2026-02-12T12:56:44.553Z"}
{"level":"info","message":"port up on","port":"5555","serviceName":"auth-service","timestamp":"2026-02-12T12:57:08.872Z"}
{"level":"info","message":"port up on","port":"5555","serviceName":"auth-service","timestamp":"2026-02-12T12:57:12.040Z"}
{"level":"info","message":"port up on","port":"5555","serviceName":"auth-service","timestamp":"2026-02-12T12:57:16.839Z"}
{"level":"info","message":"port up on","port":"5555","serviceName":"auth-service","timestamp":"2026-02-12T12:57:32.062Z"}
{"level":"info","message":"port up on","port":"5555","serviceName":"auth-service","timestamp":"2026-02-12T12:57:54.843Z"}
{"level":"info","message":"port up on","port":"5555","serviceName":"auth-service","timestamp":"2026-02-12T12:58:10.019Z"}
{"level":"info","message":"port up on","port":"5555","serviceName":"auth-service","timestamp":"2026-02-12T12:58:13.239Z"}
{"level":"info","message":"port up on","port":"5555","serviceName":"auth-service","timestamp":"2026-02-12T12:59:51.795Z"}
{"level":"info","message":"port up on","port":"5555","serviceName":"auth-service","timestamp":"2026-02-12T12:59:58.331Z"}
{"level":"info","message":"port up on","port":"5555","serviceName":"auth-service","timestamp":"2026-02-12T13:00:02.469Z"}
{"level":"info","message":"port up on","port":"5555","serviceName":"auth-service","timestamp":"2026-02-12T13:00:17.523Z"}
{"level":"info","message":"port up on","port":"5555","serviceName":"auth-service","timestamp":"2026-02-12T13:00:21.251Z"}
{"level":"info","message":"port up on","port":"5555","serviceName":"auth-service","timestamp":"2026-02-12T13:00:28.775Z"}
{"level":"info","message":"port up on","port":"5555","serviceName":"auth-service","timestamp":"2026-02-12T13:00:32.624Z"}
{"level":"info","message":"port up on","port":"5555","serviceName":"auth-service","timestamp":"2026-02-12T13:00:38.642Z"}
{"level":"info","message":"port up on","port":"5555","serviceName":"auth-service","timestamp":"2026-02-12T13:00:48.330Z"}
{"level":"info","message":"port up on","port":"5555","serviceName":"auth-service","timestamp":"2026-02-12T13:10:03.739Z"}
{"level":"error","message":"access fail","serviceName":"auth-service","timestamp":"2026-02-12T13:10:13.314Z"}
{"level":"info","message":"port up on","port":"5555","serviceName":"auth-service","timestamp":"2026-02-12T13:10:50.472Z"}
{"level":"info","message":"port up on","port":"5555","serviceName":"auth-service","timestamp":"2026-02-12T13:11:07.954Z"}
{"level":"info","message":"port up on","port":"5555","serviceName":"auth-service","timestamp":"2026-02-12T13:11:20.666Z"}
{"level":"info","message":"port up on","port":"5555","serviceName":"auth-service","timestamp":"2026-02-12T13:11:35.232Z"}
{"level":"info","message":"port up on","port":"5555","serviceName":"auth-service","timestamp":"2026-02-12T13:11:57.640Z"}
{"level":"info","message":"port up on","port":"5555","serviceName":"auth-service","timestamp":"2026-02-12T13:12:02.514Z"}
{"level":"info","message":"port up on","port":"5555","serviceName":"auth-service","timestamp":"2026-02-12T13:12:13.946Z"}
{"level":"info","message":"port up on","port":"5555","serviceName":"auth-service","timestamp":"2026-02-12T13:12:15.252Z"}
{"level":"info","message":"port up on","port":"5555","serviceName":"auth-service","timestamp":"2026-02-12T13:12:20.522Z"}
{"level":"info","message":"port up on","port":"5555","serviceName":"auth-service","timestamp":"2026-02-12T13:12:27.024Z"}
{"level":"error","message":"access fail","serviceName":"auth-service","timestamp":"2026-02-12T13:12:50.194Z"}
{"level":"info","message":"port up on","port":"5555","serviceName":"auth-service","timestamp":"2026-02-12T13:13:01.328Z"}
{"level":"error","message":"access fail","serviceName":"auth-service","timestamp":"2026-02-12T13:13:04.628Z"}
{"level":"info","message":"port up on","port":"5555","serviceName":"auth-service","timestamp":"2026-02-12T13:13:23.201Z"}
{"level":"info","message":"port up on","port":"5555","serviceName":"auth-service","timestamp":"2026-02-12T13:13:25.112Z"}
{"level":"info","message":"port up on","port":"5555","serviceName":"auth-service","timestamp":"2026-02-12T13:13:32.733Z"}
{"level":"info","message":"port up on","port":"5555","serviceName":"auth-service","timestamp":"2026-02-12T13:13:35.423Z"}
{"level":"info","message":"port up on","port":"5555","serviceName":"auth-service","timestamp":"2026-02-12T13:13:41.184Z"}
{"level":"info","message":"port up on","port":"5555","serviceName":"auth-service","timestamp":"2026-02-12T13:13:54.907Z"}
{"level":"info","message":"port up on","port":"5555","serviceName":"auth-service","timestamp":"2026-02-12T13:13:56.847Z"}
{"level":"info","message":"port up on","port":"5555","serviceName":"auth-service","timestamp":"2026-02-12T13:14:01.372Z"}
{"level":"info","message":"port up on","port":"5555","serviceName":"auth-service","timestamp":"2026-02-12T13:14:03.151Z"}
{"level":"info","message":"port up on","port":"5555","serviceName":"auth-service","timestamp":"2026-02-12T13:14:05.931Z"}
{"level":"info","message":"port up on","port":"5555","serviceName":"auth-service","timestamp":"2026-02-12T13:14:44.723Z"}
{"level":"info","message":"port up on","port":"5555","serviceName":"auth-service","timestamp":"2026-02-12T18:10:10.535Z"}
{"level":"info","message":"port up on","port":"5555","serviceName":"auth-service","timestamp":"2026-02-13T10:58:19.360Z"}
{"level":"info","message":"port up on","port":"5555","serviceName":"auth-service","timestamp":"2026-02-16T10:44:01.257Z"}
{"level":"info","message":"port up on","port":"5555","serviceName":"auth-service","timestamp":"2026-02-16T10:44:12.818Z"}
{"level":"info","message":"port up on","port":"5555","serviceName":"auth-service","timestamp":"2026-02-16T10:44:16.389Z"}
{"level":"info","message":"port up on","port":"5555","serviceName":"auth-service","timestamp":"2026-02-16T10:44:27.113Z"}
{"level":"info","message":"port up on","port":"5555","serviceName":"auth-service","timestamp":"2026-02-16T10:57:28.339Z"}
{"level":"info","message":"port up on","port":"5555","serviceName":"auth-service","timestamp":"2026-02-16T10:58:07.339Z"}
{"level":"info","message":"port up on","port":"5555","serviceName":"auth-service","timestamp":"2026-02-16T10:58:14.194Z"}
{"level":"info","message":"port up on","port":"5555","serviceName":"auth-service","timestamp":"2026-02-23T16:11:29.564Z"}
{"level":"info","message":"port up on","port":"5555","serviceName":"auth-service","timestamp":"2026-02-23T16:38:03.287Z"}
{"level":"info","message":"port up on","port":"5555","serviceName":"auth-service","timestamp":"2026-02-23T16:38:09.460Z"}
{"level":"info","message":"port up on","port":"5555","serviceName":"auth-service","timestamp":"2026-02-23T16:38:21.806Z"}
{"level":"info","message":"port up on","port":"5555","serviceName":"auth-service","timestamp":"2026-02-23T16:38:25.122Z"}
{"level":"info","message":"port up on","port":"5555","serviceName":"auth-service","timestamp":"2026-02-23T16:39:11.194Z"}
{"level":"info","message":"port up on","port":"5555","serviceName":"auth-service","timestamp":"2026-02-23T16:39:19.700Z"}
{"level":"info","message":"port up on","port":"5555","serviceName":"auth-service","timestamp":"2026-02-23T16:39:24.845Z"}
{"level":"info","message":"port up on","port":"5555","serviceName":"auth-service","timestamp":"2026-02-23T16:39:34.543Z"}
{"level":"info","message":"port up on","port":"5555","serviceName":"auth-service","timestamp":"2026-02-23T16:39:40.689Z"}
{"level":"info","message":"port up on","port":"5555","serviceName":"auth-service","timestamp":"2026-02-23T16:39:44.491Z"}
{"level":"info","message":"port up on","port":"5555","serviceName":"auth-service","timestamp":"2026-02-23T16:39:59.425Z"}
{"level":"info","message":"port up on","port":"5555","serviceName":"auth-service","timestamp":"2026-02-23T16:57:09.951Z"}
{"level":"info","message":"port up on","port":"5555","serviceName":"auth-service","timestamp":"2026-02-23T16:57:12.240Z"}
{"level":"info","message":"port up on","port":"5555","serviceName":"auth-service","timestamp":"2026-02-23T17:26:44.643Z"}
{"level":"info","message":"port up on","port":"5555","serviceName":"auth-service","timestamp":"2026-02-23T17:26:54.184Z"}
{"level":"info","message":"port up on","port":"5555","serviceName":"auth-service","timestamp":"2026-02-23T17:47:26.866Z"}
{"level":"info","message":"port up on","port":"5555","serviceName":"auth-service","timestamp":"2026-02-23T17:47:32.909Z"}
{"level":"info","message":"port up on","port":"5555","serviceName":"auth-service","timestamp":"2026-02-23T17:47:37.130Z"}
{"level":"info","message":"port up on","port":"5555","serviceName":"auth-service","timestamp":"2026-02-23T17:47:51.945Z"}
{"level":"info","message":"port up on","port":"5555","serviceName":"auth-service","timestamp":"2026-02-23T17:47:59.336Z"}
{"level":"info","message":"port up on","port":"5555","serviceName":"auth-service","timestamp":"2026-02-23T17:49:25.675Z"}
{"level":"info","message":"port up on","port":"5555","serviceName":"auth-service","timestamp":"2026-02-23T17:49:43.441Z"}
{"level":"info","message":"Database connected successfully","serviceName":"auth-service","timestamp":"2026-02-25T11:11:21.106Z"}
{"level":"info","message":"port up on","port":"5555","serviceName":"auth-service","timestamp":"2026-02-25T11:11:21.118Z"}
{"level":"error","message":"relation \"user\" does not exist","serviceName":"auth-service","timestamp":"2026-02-25T11:12:36.780Z"}
{"level":"info","message":"Database connected successfully","serviceName":"auth-service","timestamp":"2026-02-25T11:13:23.517Z"}
{"level":"info","message":"port up on","port":"5555","serviceName":"auth-service","timestamp":"2026-02-25T11:13:23.523Z"}
{"id":1,"level":"info","message":"user has been registered","serviceName":"auth-service","timestamp":"2026-02-25T11:13:32.858Z"}
{"level":"error","message":"email alr exists","serviceName":"auth-service","timestamp":"2026-02-25T11:13:50.854Z"}
{"id":2,"level":"info","message":"user has been registered","serviceName":"auth-service","timestamp":"2026-02-25T11:14:17.369Z"}
{"level":"info","message":"Database connected successfully","serviceName":"auth-service","timestamp":"2026-02-25T11:38:29.730Z"}
{"level":"info","message":"port up on","port":"5555","serviceName":"auth-service","timestamp":"2026-02-25T11:38:29.751Z"}
{"level":"info","message":"Database connected successfully","serviceName":"auth-service","timestamp":"2026-02-25T11:45:51.298Z"}
{"level":"info","message":"port up on","port":"5555","serviceName":"auth-service","timestamp":"2026-02-25T11:45:51.318Z"}
{"level":"info","message":"Database connected successfully","serviceName":"auth-service","timestamp":"2026-02-25T11:46:09.046Z"}
{"level":"info","message":"port up on","port":"5555","serviceName":"auth-service","timestamp":"2026-02-25T11:46:09.055Z"}
{"level":"info","message":"Database connected successfully","serviceName":"auth-service","timestamp":"2026-02-25T11:53:50.664Z"}
{"level":"info","message":"port up on","port":"5555","serviceName":"auth-service","timestamp":"2026-02-25T11:53:50.690Z"}
{"level":"info","message":"Database connected successfully","serviceName":"auth-service","timestamp":"2026-02-25T11:54:11.860Z"}
{"level":"info","message":"port up on","port":"5555","serviceName":"auth-service","timestamp":"2026-02-25T11:54:11.865Z"}
{"level":"info","message":"Database connected successfully","serviceName":"auth-service","timestamp":"2026-02-25T11:54:32.179Z"}
{"level":"info","message":"port up on","port":"5555","serviceName":"auth-service","timestamp":"2026-02-25T11:54:32.183Z"}
{"level":"info","message":"Database connected successfully","serviceName":"auth-service","timestamp":"2026-02-25T11:54:47.974Z"}
{"level":"info","message":"port up on","port":"5555","serviceName":"auth-service","timestamp":"2026-02-25T11:54:47.978Z"}
{"level":"info","message":"Database connected successfully","serviceName":"auth-service","timestamp":"2026-02-25T11:54:59.920Z"}
{"level":"info","message":"port up on","port":"5555","serviceName":"auth-service","timestamp":"2026-02-25T11:54:59.925Z"}
{"level":"info","message":"Database connected successfully","serviceName":"auth-service","timestamp":"2026-02-25T11:55:04.233Z"}
{"level":"info","message":"port up on","port":"5555","serviceName":"auth-service","timestamp":"2026-02-25T11:55:04.236Z"}
{"level":"info","message":"Database connected successfully","serviceName":"auth-service","timestamp":"2026-02-25T11:55:11.268Z"}
{"level":"info","message":"port up on","port":"5555","serviceName":"auth-service","timestamp":"2026-02-25T11:55:11.274Z"}
{"level":"info","message":"Database connected successfully","serviceName":"auth-service","timestamp":"2026-02-25T11:55:49.242Z"}
{"level":"info","message":"port up on","port":"5555","serviceName":"auth-service","timestamp":"2026-02-25T11:55:49.246Z"}
{"level":"info","message":"Database connected successfully","serviceName":"auth-service","timestamp":"2026-02-25T11:55:52.384Z"}
{"level":"info","message":"port up on","port":"5555","serviceName":"auth-service","timestamp":"2026-02-25T11:55:52.387Z"}
{"level":"info","message":"Database connected successfully","serviceName":"auth-service","timestamp":"2026-02-25T11:56:00.246Z"}
{"level":"info","message":"port up on","port":"5555","serviceName":"auth-service","timestamp":"2026-02-25T11:56:00.251Z"}
{"level":"info","message":"Database connected successfully","serviceName":"auth-service","timestamp":"2026-02-25T11:56:12.148Z"}
{"level":"info","message":"port up on","port":"5555","serviceName":"auth-service","timestamp":"2026-02-25T11:56:12.155Z"}
{"level":"info","message":"Database connected successfully","serviceName":"auth-service","timestamp":"2026-02-25T11:58:16.208Z"}
{"level":"info","message":"port up on","port":"5555","serviceName":"auth-service","timestamp":"2026-02-25T11:58:16.229Z"}
{"level":"info","message":"Database connected successfully","serviceName":"auth-service","timestamp":"2026-02-25T11:58:45.520Z"}
{"level":"info","message":"port up on","port":"5555","serviceName":"auth-service","timestamp":"2026-02-25T11:58:45.524Z"}
{"level":"info","message":"Database connected successfully","serviceName":"auth-service","timestamp":"2026-02-25T11:58:55.227Z"}
{"level":"info","message":"port up on","port":"5555","serviceName":"auth-service","timestamp":"2026-02-25T11:58:55.235Z"}
{"level":"info","message":"Database connected successfully","serviceName":"auth-service","timestamp":"2026-02-25T11:59:01.860Z"}
{"level":"info","message":"port up on","port":"5555","serviceName":"auth-service","timestamp":"2026-02-25T11:59:01.863Z"}
{"level":"info","message":"Database connected successfully","serviceName":"auth-service","timestamp":"2026-02-25T12:14:47.351Z"}
{"level":"info","message":"port up on","port":"5555","serviceName":"auth-service","timestamp":"2026-02-25T12:14:47.367Z"}
{"level":"info","message":"Database connected successfully","serviceName":"auth-service","timestamp":"2026-02-25T12:16:38.741Z"}
{"level":"info","message":"port up on","port":"5555","serviceName":"auth-service","timestamp":"2026-02-25T12:16:38.746Z"}
{"level":"info","message":"Database connected successfully","serviceName":"auth-service","timestamp":"2026-02-25T12:16:42.443Z"}
{"level":"info","message":"port up on","port":"5555","serviceName":"auth-service","timestamp":"2026-02-25T12:16:42.446Z"}
{"level":"info","message":"Database connected successfully","serviceName":"auth-service","timestamp":"2026-02-25T12:16:47.823Z"}
{"level":"info","message":"port up on","port":"5555","serviceName":"auth-service","timestamp":"2026-02-25T12:16:47.832Z"}
{"level":"info","message":"Database connected successfully","serviceName":"auth-service","timestamp":"2026-02-25T12:17:03.737Z"}
{"level":"info","message":"port up on","port":"5555","serviceName":"auth-service","timestamp":"2026-02-25T12:17:03.746Z"}
{"id":1,"level":"info","message":"User has been logged in","serviceName":"auth-service","timestamp":"2026-02-25T12:17:20.844Z"}
{"level":"info","message":"Database connected successfully","serviceName":"auth-service","timestamp":"2026-02-25T12:56:04.529Z"}
{"level":"info","message":"port up on","port":"5555","serviceName":"auth-service","timestamp":"2026-02-25T12:56:04.534Z"}
{"level":"info","message":"Database connected successfully","serviceName":"auth-service","timestamp":"2026-02-25T13:00:40.368Z"}
{"level":"info","message":"port up on","port":"5555","serviceName":"auth-service","timestamp":"2026-02-25T13:00:40.383Z"}
{"level":"info","message":"Database connected successfully","serviceName":"auth-service","timestamp":"2026-02-25T14:10:36.245Z"}
{"level":"info","message":"port up on","port":"5555","serviceName":"auth-service","timestamp":"2026-02-25T14:10:36.270Z"}
{"level":"info","message":"Database connected successfully","serviceName":"auth-service","timestamp":"2026-02-25T14:12:57.579Z"}
{"level":"info","message":"port up on","port":"5555","serviceName":"auth-service","timestamp":"2026-02-25T14:12:57.584Z"}
{"level":"info","message":"Database connected successfully","serviceName":"auth-service","timestamp":"2026-02-25T14:13:16.018Z"}
{"level":"info","message":"port up on","port":"5555","serviceName":"auth-service","timestamp":"2026-02-25T14:13:16.021Z"}
{"level":"info","message":"Database connected successfully","serviceName":"auth-service","timestamp":"2026-02-25T14:13:38.836Z"}
{"level":"info","message":"port up on","port":"5555","serviceName":"auth-service","timestamp":"2026-02-25T14:13:38.840Z"}
{"level":"info","message":"Database connected successfully","serviceName":"auth-service","timestamp":"2026-02-25T14:14:01.176Z"}
{"level":"info","message":"port up on","port":"5555","serviceName":"auth-service","timestamp":"2026-02-25T14:14:01.183Z"}
{"level":"info","message":"Database connected successfully","serviceName":"auth-service","timestamp":"2026-02-25T14:18:07.753Z"}
{"level":"info","message":"port up on","port":"5555","serviceName":"auth-service","timestamp":"2026-02-25T14:18:07.761Z"}
{"level":"info","message":"Database connected successfully","serviceName":"auth-service","timestamp":"2026-02-25T14:18:16.135Z"}
{"level":"info","message":"port up on","port":"5555","serviceName":"auth-service","timestamp":"2026-02-25T14:18:16.140Z"}
{"level":"info","message":"Database connected successfully","serviceName":"auth-service","timestamp":"2026-02-25T14:18:20.307Z"}
{"level":"info","message":"port up on","port":"5555","serviceName":"auth-service","timestamp":"2026-02-25T14:18:20.313Z"}
{"level":"info","message":"Database connected successfully","serviceName":"auth-service","timestamp":"2026-02-25T14:18:53.684Z"}
{"level":"info","message":"port up on","port":"5555","serviceName":"auth-service","timestamp":"2026-02-25T14:18:53.690Z"}
{"level":"info","message":"Database connected successfully","serviceName":"auth-service","timestamp":"2026-02-25T14:19:09.913Z"}
{"level":"info","message":"port up on","port":"5555","serviceName":"auth-service","timestamp":"2026-02-25T14:19:09.923Z"}
{"level":"info","message":"Database connected successfully","serviceName":"auth-service","timestamp":"2026-02-25T14:20:24.432Z"}
{"level":"info","message":"port up on","port":"5555","serviceName":"auth-service","timestamp":"2026-02-25T14:20:24.460Z"}
{"level":"info","message":"Database connected successfully","serviceName":"auth-service","timestamp":"2026-02-25T14:20:33.265Z"}
{"level":"info","message":"port up on","port":"5555","serviceName":"auth-service","timestamp":"2026-02-25T14:20:33.271Z"}
{"level":"info","message":"Database connected successfully","serviceName":"auth-service","timestamp":"2026-02-25T14:21:30.169Z"}
{"level":"info","message":"port up on","port":"5555","serviceName":"auth-service","timestamp":"2026-02-25T14:21:30.178Z"}
{"level":"info","message":"Database connected successfully","serviceName":"auth-service","timestamp":"2026-02-25T14:33:03.597Z"}
{"level":"info","message":"port up on","port":"5555","serviceName":"auth-service","timestamp":"2026-02-25T14:33:03.626Z"}
{"level":"info","message":"Database connected successfully","serviceName":"auth-service","timestamp":"2026-02-25T14:35:40.320Z"}
{"level":"info","message":"port up on","port":"5555","serviceName":"auth-service","timestamp":"2026-02-25T14:35:40.324Z"}
{"level":"info","message":"Database connected successfully","serviceName":"auth-service","timestamp":"2026-02-25T14:36:05.343Z"}
{"level":"info","message":"port up on","port":"5555","serviceName":"auth-service","timestamp":"2026-02-25T14:36:05.347Z"}
{"level":"info","message":"Database connected successfully","serviceName":"auth-service","timestamp":"2026-02-25T14:36:10.027Z"}
{"level":"info","message":"port up on","port":"5555","serviceName":"auth-service","timestamp":"2026-02-25T14:36:10.030Z"}
{"level":"info","message":"Database connected successfully","serviceName":"auth-service","timestamp":"2026-02-25T14:36:18.465Z"}
{"level":"info","message":"port up on","port":"5555","serviceName":"auth-service","timestamp":"2026-02-25T14:36:18.471Z"}
{"level":"info","message":"Database connected successfully","serviceName":"auth-service","timestamp":"2026-02-25T16:47:58.646Z"}
{"level":"info","message":"port up on","port":"5555","serviceName":"auth-service","timestamp":"2026-02-25T16:47:58.661Z"}
{"level":"info","message":"Database connected successfully","serviceName":"auth-service","timestamp":"2026-02-25T16:48:29.849Z"}
{"level":"info","message":"port up on","port":"5555","serviceName":"auth-service","timestamp":"2026-02-25T16:48:29.853Z"}
{"level":"info","message":"Database connected successfully","serviceName":"auth-service","timestamp":"2026-02-25T16:57:36.139Z"}
{"level":"info","message":"port up on","port":"5555","serviceName":"auth-service","timestamp":"2026-02-25T16:57:36.146Z"}
{"level":"info","message":"Database connected successfully","serviceName":"auth-service","timestamp":"2026-02-25T17:07:34.631Z"}
{"level":"info","message":"port up on","port":"5555","serviceName":"auth-service","timestamp":"2026-02-25T17:07:34.638Z"}
{"level":"info","message":"Database connected successfully","serviceName":"auth-service","timestamp":"2026-02-25T17:16:31.913Z"}
{"level":"info","message":"port up on","port":"5555","serviceName":"auth-service","timestamp":"2026-02-25T17:16:31.936Z"}
{"level":"info","message":"Database connected successfully","serviceName":"auth-service","timestamp":"2026-02-25T17:16:39.784Z"}
{"level":"info","message":"port up on","port":"5555","serviceName":"auth-service","timestamp":"2026-02-25T17:16:39.787Z"}
{"level":"info","message":"Database connected successfully","serviceName":"auth-service","timestamp":"2026-02-25T17:16:46.408Z"}
{"level":"info","message":"port up on","port":"5555","serviceName":"auth-service","timestamp":"2026-02-25T17:16:46.412Z"}
{"level":"info","message":"Database connected successfully","serviceName":"auth-service","timestamp":"2026-02-25T17:17:54.872Z"}
{"level":"info","message":"Database connected successfully","serviceName":"auth-service","timestamp":"2026-02-25T17:17:54.872Z"}
{"level":"info","message":"port up on","port":"5555","serviceName":"auth-service","timestamp":"2026-02-25T17:17:54.904Z"}
{"level":"info","message":"port up on","port":"5555","serviceName":"auth-service","timestamp":"2026-02-25T17:17:54.905Z"}
{"level":"info","message":"Database connected successfully","serviceName":"auth-service","timestamp":"2026-02-25T17:19:58.816Z"}
{"level":"info","message":"Database connected successfully","serviceName":"auth-service","timestamp":"2026-02-25T17:19:58.818Z"}
{"level":"info","message":"port up on","port":"5555","serviceName":"auth-service","timestamp":"2026-02-25T17:19:58.830Z"}
{"level":"info","message":"port up on","port":"5555","serviceName":"auth-service","timestamp":"2026-02-25T17:19:58.831Z"}
{"level":"info","message":"Database connected successfully","serviceName":"auth-service","timestamp":"2026-02-25T17:20:10.359Z"}
{"level":"info","message":"Database connected successfully","serviceName":"auth-service","timestamp":"2026-02-25T17:20:10.360Z"}
{"level":"info","message":"port up on","port":"5555","serviceName":"auth-service","timestamp":"2026-02-25T17:20:10.363Z"}
{"level":"info","message":"port up on","port":"5555","serviceName":"auth-service","timestamp":"2026-02-25T17:20:10.363Z"}
{"level":"info","message":"Database connected successfully","serviceName":"auth-service","timestamp":"2026-02-25T17:21:46.687Z"}
{"level":"info","message":"Database connected successfully","serviceName":"auth-service","timestamp":"2026-02-25T17:21:46.688Z"}
{"level":"info","message":"port up on","port":"5555","serviceName":"auth-service","timestamp":"2026-02-25T17:21:46.729Z"}
{"level":"info","message":"port up on","port":"5555","serviceName":"auth-service","timestamp":"2026-02-25T17:21:46.730Z"}
{"level":"info","message":"Database connected successfully","serviceName":"auth-service","timestamp":"2026-02-25T17:29:23.720Z"}
{"level":"info","message":"port up on","port":"5555","serviceName":"auth-service","timestamp":"2026-02-25T17:29:23.729Z"}
{"level":"error","message":"No authorization token was found","serviceName":"auth-service","timestamp":"2026-02-25T17:29:59.984Z"}
{"id":1,"level":"info","message":"User has been logged in","serviceName":"auth-service","timestamp":"2026-02-25T17:33:29.332Z"}
{"level":"info","message":"Database connected successfully","serviceName":"auth-service","timestamp":"2026-02-26T12:16:16.282Z"}
{"level":"info","message":"port up on","port":"5555","serviceName":"auth-service","timestamp":"2026-02-26T12:16:16.287Z"}
{"level":"error","message":"No authorization token was found","serviceName":"auth-service","timestamp":"2026-02-26T12:16:16.974Z"}
{"level":"error","message":"No authorization token was found","serviceName":"auth-service","timestamp":"2026-02-26T12:16:25.066Z"}
{"level":"info","message":"Database connected successfully","serviceName":"auth-service","timestamp":"2026-02-26T12:20:35.457Z"}
{"level":"info","message":"port up on","port":"5555","serviceName":"auth-service","timestamp":"2026-02-26T12:20:35.463Z"}
{"level":"info","message":"Database connected successfully","serviceName":"auth-service","timestamp":"2026-02-26T12:21:20.840Z"}
{"level":"info","message":"port up on","port":"5555","serviceName":"auth-service","timestamp":"2026-02-26T12:21:20.844Z"}
{"level":"info","message":"Database connected successfully","serviceName":"auth-service","timestamp":"2026-02-26T12:21:28.896Z"}
{"level":"info","message":"port up on","port":"5555","serviceName":"auth-service","timestamp":"2026-02-26T12:21:28.900Z"}
{"level":"info","message":"Database connected successfully","serviceName":"auth-service","timestamp":"2026-02-26T12:27:55.437Z"}
{"level":"info","message":"port up on","port":"5555","serviceName":"auth-service","timestamp":"2026-02-26T12:27:55.448Z"}
{"level":"info","message":"Database connected successfully","serviceName":"auth-service","timestamp":"2026-02-26T12:28:27.498Z"}
{"level":"info","message":"port up on","port":"5555","serviceName":"auth-service","timestamp":"2026-02-26T12:28:27.502Z"}
{"level":"info","message":"Database connected successfully","serviceName":"auth-service","timestamp":"2026-02-26T12:37:43.407Z"}
{"level":"info","message":"port up on","port":"5555","serviceName":"auth-service","timestamp":"2026-02-26T12:37:43.411Z"}
{"level":"info","message":"Database connected successfully","serviceName":"auth-service","timestamp":"2026-02-26T12:38:19.421Z"}
{"level":"info","message":"port up on","port":"5555","serviceName":"auth-service","timestamp":"2026-02-26T12:38:19.424Z"}
{"level":"info","message":"Database connected successfully","serviceName":"auth-service","timestamp":"2026-02-26T12:38:38.687Z"}
{"level":"info","message":"port up on","port":"5555","serviceName":"auth-service","timestamp":"2026-02-26T12:38:38.691Z"}
{"level":"info","message":"Database connected successfully","serviceName":"auth-service","timestamp":"2026-02-26T12:42:14.242Z"}
{"level":"info","message":"port up on","port":"5555","serviceName":"auth-service","timestamp":"2026-02-26T12:42:14.247Z"}
{"level":"info","message":"Database connected successfully","serviceName":"auth-service","timestamp":"2026-02-26T12:42:24.477Z"}
{"level":"info","message":"port up on","port":"5555","serviceName":"auth-service","timestamp":"2026-02-26T12:42:24.481Z"}
{"level":"info","message":"Database connected successfully","serviceName":"auth-service","timestamp":"2026-02-26T12:42:37.695Z"}
{"level":"info","message":"port up on","port":"5555","serviceName":"auth-service","timestamp":"2026-02-26T12:42:37.702Z"}
{"level":"info","message":"Database connected successfully","serviceName":"auth-service","timestamp":"2026-02-26T13:25:00.399Z"}
{"level":"info","message":"port up on","port":"5555","serviceName":"auth-service","timestamp":"2026-02-26T13:25:00.412Z"}
{"level":"info","message":"Database connected successfully","serviceName":"auth-service","timestamp":"2026-02-26T13:25:12.865Z"}
{"level":"info","message":"port up on","port":"5555","serviceName":"auth-service","timestamp":"2026-02-26T13:25:12.868Z"}
{"id":1,"level":"info","message":"User has been logged in","serviceName":"auth-service","timestamp":"2026-02-26T13:25:14.577Z"}
{"level":"info","message":"Database connected successfully","serviceName":"auth-service","timestamp":"2026-02-26T13:25:33.232Z"}
{"level":"info","message":"port up on","port":"5555","serviceName":"auth-service","timestamp":"2026-02-26T13:25:33.236Z"}
{"level":"error","message":"Error while getting the refresh token","serviceName":"auth-service","timestamp":"2026-02-26T13:26:05.299Z"}
{"level":"error","message":"The token has been revoked.","serviceName":"auth-service","timestamp":"2026-02-26T13:26:05.302Z"}
{"level":"error","message":"Error while getting the refresh token","serviceName":"auth-service","timestamp":"2026-02-26T13:27:19.953Z"}
{"level":"error","message":"The token has been revoked.","serviceName":"auth-service","timestamp":"2026-02-26T13:27:19.954Z"}
{"id":1,"level":"info","message":"User has been logged in","serviceName":"auth-service","timestamp":"2026-02-26T13:28:09.158Z"}
{"level":"error","message":"Error while getting the refresh token","serviceName":"auth-service","timestamp":"2026-02-26T13:28:12.695Z"}
{"level":"error","message":"The token has been revoked.","serviceName":"auth-service","timestamp":"2026-02-26T13:28:12.698Z"}
{"level":"error","message":"Error while getting the refresh token","serviceName":"auth-service","timestamp":"2026-02-26T13:28:18.865Z"}
{"level":"error","message":"The token has been revoked.","serviceName":"auth-service","timestamp":"2026-02-26T13:28:18.865Z"}
{"level":"info","message":"Database connected successfully","serviceName":"auth-service","timestamp":"2026-02-26T13:30:25.588Z"}
{"level":"info","message":"port up on","port":"5555","serviceName":"auth-service","timestamp":"2026-02-26T13:30:25.591Z"}
{"id":1,"level":"info","message":"User has been logged in","serviceName":"auth-service","timestamp":"2026-02-26T13:30:29.766Z"}
{"level":"error","message":"Cannot read properties of undefined (reading 'refreshToken')","serviceName":"auth-service","timestamp":"2026-02-26T13:30:37.061Z"}
{"level":"info","message":"Database connected successfully","serviceName":"auth-service","timestamp":"2026-02-26T13:31:11.848Z"}
{"level":"info","message":"port up on","port":"5555","serviceName":"auth-service","timestamp":"2026-02-26T13:31:11.852Z"}
{"level":"info","message":"Database connected successfully","serviceName":"auth-service","timestamp":"2026-02-26T13:32:13.567Z"}
{"level":"info","message":"port up on","port":"5555","serviceName":"auth-service","timestamp":"2026-02-26T13:32:13.571Z"}
{"level":"info","message":"Database connected successfully","serviceName":"auth-service","timestamp":"2026-02-26T13:32:17.279Z"}
{"level":"info","message":"port up on","port":"5555","serviceName":"auth-service","timestamp":"2026-02-26T13:32:17.283Z"}
{"level":"info","message":"Database connected successfully","serviceName":"auth-service","timestamp":"2026-02-26T13:32:24.924Z"}
{"level":"info","message":"port up on","port":"5555","serviceName":"auth-service","timestamp":"2026-02-26T13:32:24.928Z"}
{"level":"info","message":"Database connected successfully","serviceName":"auth-service","timestamp":"2026-02-26T13:33:24.429Z"}
{"level":"info","message":"port up on","port":"5555","serviceName":"auth-service","timestamp":"2026-02-26T13:33:24.432Z"}
{"level":"error","message":"No authorization token was found","serviceName":"auth-service","timestamp":"2026-02-26T13:36:39.746Z"}
{"id":1,"level":"info","message":"User has been logged in","serviceName":"auth-service","timestamp":"2026-02-26T13:39:15.244Z"}
{"level":"error","message":"Error while getting the refresh token","serviceName":"auth-service","timestamp":"2026-02-26T13:39:22.372Z"}
{"level":"error","message":"The token has been revoked.","serviceName":"auth-service","timestamp":"2026-02-26T13:39:22.373Z"}
{"level":"info","message":"Database connected successfully","serviceName":"auth-service","timestamp":"2026-02-26T13:40:26.380Z"}
{"level":"info","message":"port up on","port":"5555","serviceName":"auth-service","timestamp":"2026-02-26T13:40:26.388Z"}
{"id":1,"level":"info","message":"User has been logged in","serviceName":"auth-service","timestamp":"2026-02-26T13:40:28.695Z"}
{"level":"error","message":"Error while getting the refresh token","serviceName":"auth-service","timestamp":"2026-02-26T13:40:34.253Z"}
{"level":"error","message":"The token has been revoked.","serviceName":"auth-service","timestamp":"2026-02-26T13:40:34.256Z"}
{"level":"info","message":"Database connected successfully","serviceName":"auth-service","timestamp":"2026-02-26T13:46:03.842Z"}
{"level":"info","message":"port up on","port":"5555","serviceName":"auth-service","timestamp":"2026-02-26T13:46:03.860Z"}
{"level":"info","message":"Database connected successfully","serviceName":"auth-service","timestamp":"2026-02-26T13:46:10.381Z"}
{"level":"info","message":"port up on","port":"5555","serviceName":"auth-service","timestamp":"2026-02-26T13:46:10.385Z"}
{"id":1,"level":"info","message":"User has been logged in","serviceName":"auth-service","timestamp":"2026-02-26T13:46:16.363Z"}
{"level":"error","message":"Error while getting the refresh token","serviceName":"auth-service","timestamp":"2026-02-26T13:46:22.276Z"}
{"level":"error","message":"The token has been revoked.","serviceName":"auth-service","timestamp":"2026-02-26T13:46:22.280Z"}
{"level":"info","message":"Database connected successfully","serviceName":"auth-service","timestamp":"2026-02-26T13:51:20.354Z"}
{"level":"info","message":"port up on","port":"5555","serviceName":"auth-service","timestamp":"2026-02-26T13:51:20.368Z"}
{"id":1,"level":"info","message":"User has been logged in","serviceName":"auth-service","timestamp":"2026-02-26T13:51:23.150Z"}
{"level":"error","message":"Error while getting the refresh token","serviceName":"auth-service","timestamp":"2026-02-26T13:51:35.564Z"}
{"level":"error","message":"The token has been revoked.","serviceName":"auth-service","timestamp":"2026-02-26T13:51:35.565Z"}
{"level":"info","message":"Database connected successfully","serviceName":"auth-service","timestamp":"2026-02-26T13:53:07.473Z"}
{"level":"info","message":"port up on","port":"5555","serviceName":"auth-service","timestamp":"2026-02-26T13:53:07.477Z"}
{"id":1,"level":"info","message":"User has been logged in","serviceName":"auth-service","timestamp":"2026-02-26T13:53:17.121Z"}
{"level":"error","message":"Error while getting the refresh token","serviceName":"auth-service","timestamp":"2026-02-26T13:53:23.251Z"}
{"level":"error","message":"The token has been revoked.","serviceName":"auth-service","timestamp":"2026-02-26T13:53:23.253Z"}
{"level":"info","message":"Database connected successfully","serviceName":"auth-service","timestamp":"2026-02-26T13:53:43.214Z"}
{"level":"info","message":"port up on","port":"5555","serviceName":"auth-service","timestamp":"2026-02-26T13:53:43.218Z"}
{"level":"info","message":"Database connected successfully","serviceName":"auth-service","timestamp":"2026-02-26T13:53:47.293Z"}
{"level":"info","message":"port up on","port":"5555","serviceName":"auth-service","timestamp":"2026-02-26T13:53:47.296Z"}
{"id":1,"level":"info","message":"User has been logged in","serviceName":"auth-service","timestamp":"2026-02-26T13:54:07.075Z"}
{"level":"error","message":"Error while getting the refresh token","serviceName":"auth-service","timestamp":"2026-02-26T13:54:12.859Z"}
{"level":"error","message":"The token has been revoked.","serviceName":"auth-service","timestamp":"2026-02-26T13:54:12.861Z"}
{"level":"info","message":"Database connected successfully","serviceName":"auth-service","timestamp":"2026-02-26T13:54:49.295Z"}
{"level":"info","message":"port up on","port":"5555","serviceName":"auth-service","timestamp":"2026-02-26T13:54:49.302Z"}
{"level":"info","message":"Database connected successfully","serviceName":"auth-service","timestamp":"2026-02-26T13:56:37.456Z"}
{"level":"info","message":"port up on","port":"5555","serviceName":"auth-service","timestamp":"2026-02-26T13:56:37.460Z"}
{"id":1,"level":"info","message":"User has been logged in","serviceName":"auth-service","timestamp":"2026-02-26T13:56:39.916Z"}
{"error":"invalid input syntax for type integer: \"NaN\"","level":"error","message":"Error while getting the refresh token","serviceName":"auth-service","timestamp":"2026-02-26T13:56:44.940Z"}
{"level":"error","message":"The token has been revoked.","serviceName":"auth-service","timestamp":"2026-02-26T13:56:45.127Z"}
{"level":"info","message":"Database connected successfully","serviceName":"auth-service","timestamp":"2026-02-26T13:57:29.879Z"}
{"level":"info","message":"port up on","port":"5555","serviceName":"auth-service","timestamp":"2026-02-26T13:57:29.882Z"}
{"level":"info","message":"Database connected successfully","serviceName":"auth-service","timestamp":"2026-02-26T14:23:56.399Z"}
{"level":"info","message":"port up on","port":"5555","serviceName":"auth-service","timestamp":"2026-02-26T14:23:56.413Z"}
{"id":1,"level":"info","message":"User has been logged in","serviceName":"auth-service","timestamp":"2026-02-26T14:24:03.102Z"}
{"level":"info","message":"Database connected successfully","serviceName":"auth-service","timestamp":"2026-02-26T14:24:55.499Z"}
{"level":"info","message":"port up on","port":"5555","serviceName":"auth-service","timestamp":"2026-02-26T14:24:55.509Z"}
{"level":"info","message":"Database connected successfully","serviceName":"auth-service","timestamp":"2026-02-26T14:25:14.559Z"}
{"level":"info","message":"port up on","port":"5555","serviceName":"auth-service","timestamp":"2026-02-26T14:25:14.562Z"}
{"level":"info","message":"Database connected successfully","serviceName":"auth-service","timestamp":"2026-02-26T14:25:23.986Z"}
{"level":"info","message":"port up on","port":"5555","serviceName":"auth-service","timestamp":"2026-02-26T14:25:23.990Z"}
{"level":"info","message":"Database connected successfully","serviceName":"auth-service","timestamp":"2026-02-26T14:25:29.961Z"}
{"level":"info","message":"port up on","port":"5555","serviceName":"auth-service","timestamp":"2026-02-26T14:25:29.964Z"}
{"level":"info","message":"Database connected successfully","serviceName":"auth-service","timestamp":"2026-02-26T14:25:39.400Z"}
{"level":"info","message":"port up on","port":"5555","serviceName":"auth-service","timestamp":"2026-02-26T14:25:39.404Z"}
{"level":"info","message":"Database connected successfully","serviceName":"auth-service","timestamp":"2026-02-26T14:25:42.986Z"}
{"level":"info","message":"port up on","port":"5555","serviceName":"auth-service","timestamp":"2026-02-26T14:25:42.991Z"}
{"level":"info","message":"Database connected successfully","serviceName":"auth-service","timestamp":"2026-02-26T14:26:57.893Z"}
{"level":"info","message":"port up on","port":"5555","serviceName":"auth-service","timestamp":"2026-02-26T14:26:57.898Z"}
{"level":"info","message":"Database connected successfully","serviceName":"auth-service","timestamp":"2026-02-26T14:28:20.050Z"}
{"level":"info","message":"port up on","port":"5555","serviceName":"auth-service","timestamp":"2026-02-26T14:28:20.054Z"}
{"level":"info","message":"Database connected successfully","serviceName":"auth-service","timestamp":"2026-02-26T14:28:29.219Z"}
{"level":"info","message":"port up on","port":"5555","serviceName":"auth-service","timestamp":"2026-02-26T14:28:29.225Z"}
{"level":"info","message":"Database connected successfully","serviceName":"auth-service","timestamp":"2026-02-26T14:29:44.755Z"}
{"level":"info","message":"port up on","port":"5555","serviceName":"auth-service","timestamp":"2026-02-26T14:29:44.763Z"}
{"level":"info","message":"Database connected successfully","serviceName":"auth-service","timestamp":"2026-02-26T14:30:08.202Z"}
{"level":"info","message":"port up on","port":"5555","serviceName":"auth-service","timestamp":"2026-02-26T14:30:08.206Z"}
{"level":"info","message":"Database connected successfully","serviceName":"auth-service","timestamp":"2026-02-26T14:32:52.875Z"}
{"level":"info","message":"port up on","port":"5555","serviceName":"auth-service","timestamp":"2026-02-26T14:32:52.879Z"}
{"level":"info","message":"Database connected successfully","serviceName":"auth-service","timestamp":"2026-02-26T14:52:49.453Z"}
{"level":"info","message":"port up on","port":"5555","serviceName":"auth-service","timestamp":"2026-02-26T14:52:49.469Z"}
{"level":"info","message":"Database connected successfully","serviceName":"auth-service","timestamp":"2026-02-26T14:53:48.601Z"}
{"level":"info","message":"port up on","port":"5555","serviceName":"auth-service","timestamp":"2026-02-26T14:53:48.609Z"}
{"level":"info","message":"Database connected successfully","serviceName":"auth-service","timestamp":"2026-02-26T14:53:59.767Z"}
{"level":"info","message":"port up on","port":"5555","serviceName":"auth-service","timestamp":"2026-02-26T14:53:59.774Z"}
{"level":"info","message":"Database connected successfully","serviceName":"auth-service","timestamp":"2026-02-26T15:08:20.106Z"}
{"level":"info","message":"port up on","port":"5555","serviceName":"auth-service","timestamp":"2026-02-26T15:08:20.123Z"}
{"level":"error","message":"invalid input syntax for type integer: \"NaN\"","serviceName":"auth-service","timestamp":"2026-02-26T15:08:24.283Z"}
{"id":1,"level":"info","message":"User logged in","serviceName":"auth-service","timestamp":"2026-02-26T15:08:31.241Z"}
{"level":"error","message":"invalid input syntax for type integer: \"NaN\"","serviceName":"auth-service","timestamp":"2026-02-26T15:08:36.548Z"}
{"id":1,"level":"info","message":"User logged in","serviceName":"auth-service","timestamp":"2026-02-26T15:31:08.953Z"}
{"level":"error","message":"invalid input syntax for type integer: \"NaN\"","serviceName":"auth-service","timestamp":"2026-02-26T15:31:16.002Z"}
{"level":"error","message":"invalid input syntax for type integer: \"NaN\"","serviceName":"auth-service","timestamp":"2026-02-26T15:31:22.879Z"}
{"level":"info","message":"Database connected successfully","serviceName":"auth-service","timestamp":"2026-02-26T15:34:04.263Z"}
{"level":"info","message":"port up on","port":"5555","serviceName":"auth-service","timestamp":"2026-02-26T15:34:04.287Z"}
{"level":"info","message":"Database connected successfully","serviceName":"auth-service","timestamp":"2026-02-26T15:36:24.022Z"}
{"level":"info","message":"port up on","port":"5555","serviceName":"auth-service","timestamp":"2026-02-26T15:36:24.029Z"}
{"level":"info","message":"Database connected successfully","serviceName":"auth-service","timestamp":"2026-02-26T15:37:13.840Z"}
{"level":"info","message":"port up on","port":"5555","serviceName":"auth-service","timestamp":"2026-02-26T15:37:13.844Z"}
{"level":"info","message":"Database connected successfully","serviceName":"auth-service","timestamp":"2026-02-26T15:37:21.500Z"}
{"level":"info","message":"port up on","port":"5555","serviceName":"auth-service","timestamp":"2026-02-26T15:37:21.506Z"}
{"level":"info","message":"Database connected successfully","serviceName":"auth-service","timestamp":"2026-02-26T15:37:25.784Z"}
{"level":"info","message":"port up on","port":"5555","serviceName":"auth-service","timestamp":"2026-02-26T15:37:25.788Z"}
{"id":1,"level":"info","message":"User logged in","serviceName":"auth-service","timestamp":"2026-02-26T15:37:55.713Z"}
{"level":"info","message":"Database connected successfully","serviceName":"auth-service","timestamp":"2026-02-26T15:55:54.356Z"}
{"level":"info","message":"port up on","port":"5555","serviceName":"auth-service","timestamp":"2026-02-26T15:55:54.361Z"}
{"id":"1","level":"info","message":"Access and refresh tokens set in cookies","serviceName":"auth-service","timestamp":"2026-02-26T15:57:04.623Z"}
{"id":1,"level":"info","message":"User logged in successfully","serviceName":"auth-service","timestamp":"2026-02-26T15:57:04.625Z"}
{"id":"1","level":"info","message":"Fetched self info","serviceName":"auth-service","timestamp":"2026-02-26T15:57:08.123Z"}
{"id":"25","level":"info","message":"Old refresh token deleted","serviceName":"auth-service","timestamp":"2026-02-26T15:57:11.152Z"}
{"id":"1","level":"info","message":"Access and refresh tokens set in cookies","serviceName":"auth-service","timestamp":"2026-02-26T15:57:11.155Z"}
{"id":1,"level":"info","message":"Access token refreshed successfully","serviceName":"auth-service","timestamp":"2026-02-26T15:57:11.156Z"}
