{"level":"error","message":"access fail","serviceName":"auth-service","timestamp":"2026-02-12T13:10:13.315Z"}
{"level":"error","message":"access fail","serviceName":"auth-service","timestamp":"2026-02-12T13:12:50.195Z"}
{"level":"error","message":"access fail","serviceName":"auth-service","timestamp":"2026-02-12T13:13:04.629Z"}
{"level":"error","message":"relation \"user\" does not exist","serviceName":"auth-service","timestamp":"2026-02-25T11:12:36.780Z"}
{"level":"error","message":"email alr exists","serviceName":"auth-service","timestamp":"2026-02-25T11:13:50.855Z"}
{"level":"error","message":"No authorization token was found","serviceName":"auth-service","timestamp":"2026-02-25T17:29:59.984Z"}
{"level":"error","message":"No authorization token was found","serviceName":"auth-service","timestamp":"2026-02-26T12:16:16.974Z"}
{"level":"error","message":"No authorization token was found","serviceName":"auth-service","timestamp":"2026-02-26T12:16:25.066Z"}
{"level":"error","message":"Error while getting the refresh token","serviceName":"auth-service","timestamp":"2026-02-26T13:26:05.300Z"}
{"level":"error","message":"The token has been revoked.","serviceName":"auth-service","timestamp":"2026-02-26T13:26:05.304Z"}
{"level":"error","message":"Error while getting the refresh token","serviceName":"auth-service","timestamp":"2026-02-26T13:27:19.953Z"}
{"level":"error","message":"The token has been revoked.","serviceName":"auth-service","timestamp":"2026-02-26T13:27:19.955Z"}
{"level":"error","message":"Error while getting the refresh token","serviceName":"auth-service","timestamp":"2026-02-26T13:28:12.696Z"}
{"level":"error","message":"The token has been revoked.","serviceName":"auth-service","timestamp":"2026-02-26T13:28:12.699Z"}
{"level":"error","message":"Error while getting the refresh token","serviceName":"auth-service","timestamp":"2026-02-26T13:28:18.865Z"}
{"level":"error","message":"The token has been revoked.","serviceName":"auth-service","timestamp":"2026-02-26T13:28:18.865Z"}
{"level":"error","message":"Cannot read properties of undefined (reading 'refreshToken')","serviceName":"auth-service","timestamp":"2026-02-26T13:30:37.061Z"}
{"level":"error","message":"No authorization token was found","serviceName":"auth-service","timestamp":"2026-02-26T13:36:39.747Z"}
{"level":"error","message":"Error while getting the refresh token","serviceName":"auth-service","timestamp":"2026-02-26T13:39:22.372Z"}
{"level":"error","message":"The token has been revoked.","serviceName":"auth-service","timestamp":"2026-02-26T13:39:22.373Z"}
{"level":"error","message":"Error while getting the refresh token","serviceName":"auth-service","timestamp":"2026-02-26T13:40:34.253Z"}
{"level":"error","message":"The token has been revoked.","serviceName":"auth-service","timestamp":"2026-02-26T13:40:34.256Z"}
{"level":"error","message":"Error while getting the refresh token","serviceName":"auth-service","timestamp":"2026-02-26T13:46:22.276Z"}
{"level":"error","message":"The token has been revoked.","serviceName":"auth-service","timestamp":"2026-02-26T13:46:22.280Z"}
{"level":"error","message":"Error while getting the refresh token","serviceName":"auth-service","timestamp":"2026-02-26T13:51:35.564Z"}
{"level":"error","message":"The token has been revoked.","serviceName":"auth-service","timestamp":"2026-02-26T13:51:35.565Z"}
{"level":"error","message":"Error while getting the refresh token","serviceName":"auth-service","timestamp":"2026-02-26T13:53:23.251Z"}
{"level":"error","message":"The token has been revoked.","serviceName":"auth-service","timestamp":"2026-02-26T13:53:23.254Z"}
{"level":"error","message":"Error while getting the refresh token","serviceName":"auth-service","timestamp":"2026-02-26T13:54:12.859Z"}
{"level":"error","message":"The token has been revoked.","serviceName":"auth-service","timestamp":"2026-02-26T13:54:12.862Z"}
{"error":"invalid input syntax for type integer: \"NaN\"","level":"error","message":"Error while getting the refresh token","serviceName":"auth-service","timestamp":"2026-02-26T13:56:44.940Z"}
{"level":"error","message":"The token has been revoked.","serviceName":"auth-service","timestamp":"2026-02-26T13:56:45.127Z"}
{"level":"error","message":"invalid input syntax for type integer: \"NaN\"","serviceName":"auth-service","timestamp":"2026-02-26T15:08:24.284Z"}
{"level":"error","message":"invalid input syntax for type integer: \"NaN\"","serviceName":"auth-service","timestamp":"2026-02-26T15:08:36.548Z"}
{"level":"error","message":"invalid input syntax for type integer: \"NaN\"","serviceName":"auth-service","timestamp":"2026-02-26T15:31:16.003Z"}
{"level":"error","message":"invalid input syntax for type integer: \"NaN\"","serviceName":"auth-service","timestamp":"2026-02-26T15:31:22.879Z"}
